C51 COMPILER V9.60.7.0   DELAY                                                             12/16/2024 15:34:12 PAGE 1   


C51 COMPILER V9.60.7.0, COMPILATION OF MODULE DELAY
OBJECT MODULE PLACED IN .\Objects\DELAY.obj
COMPILER INVOKED BY: D:\Keil_v5\C51\BIN\C51.EXE DELAY.c OPTIMIZE(8,SPEED) BROWSE DEBUG OBJECTEXTEND PRINT(.\Listings\DEL
                    -AY.lst) TABS(2) OBJECT(.\Objects\DELAY.obj)

line level    source

   1          #include "first.h"
   2          
   3          // 单总线延时函数
   4          void Delay_OneWire(unsigned int t)
   5          {
   6   1          while(t--);
   7   1      }
   8          
   9          // 延时函数
  10          void delay_ms(unsigned int ms) 
  11          {
  12   1          unsigned int i, j;
  13   1          for (i = 0; i < ms; i++) 
  14   1          {
  15   2              for (j = 0; j < 120; j++);
  16   2          }
  17   1      }


MODULE INFORMATION:   STATIC OVERLAYABLE
   CODE SIZE        =     43    ----
   CONSTANT SIZE    =   ----    ----
   XDATA SIZE       =   ----    ----
   PDATA SIZE       =   ----    ----
   DATA SIZE        =   ----    ----
   IDATA SIZE       =   ----    ----
   BIT SIZE         =   ----    ----
END OF MODULE INFORMATION.


C51 COMPILATION COMPLETE.  0 WARNING(S),  0 ERROR(S)
