C51 COMPILER V9.60.7.0   DS18B20                                                           12/16/2024 15:34:12 PAGE 1   


C51 COMPILER V9.60.7.0, COMPILATION OF MODULE DS18B20
OBJECT MODULE PLACED IN .\Objects\DS18B20.obj
COMPILER INVOKED BY: D:\Keil_v5\C51\BIN\C51.EXE DS18B20.c OPTIMIZE(8,SPEED) BROWSE DEBUG OBJECTEXTEND PRINT(.\Listings\D
                    -S18B20.lst) TABS(2) OBJECT(.\Objects\DS18B20.obj)

line level    source

   1          #include "first.h"
   2          
   3          // DS18B20 初始化
   4          bit ds18b20_init() 
   5          {
   6   1          bit presence = 0;
   7   1          DQ = 1;
   8   1          _nop_();
   9   1          DQ = 0;
  10   1          Delay_OneWire(80);  // 延时480us以上
  11   1          DQ = 1;
  12   1          Delay_OneWire(8);   // 延时70us
  13   1          presence = DQ;      // 如果presence=0则初始化成功
  14   1          Delay_OneWire(20);
  15   1          return presence;
  16   1      }
  17          
  18          // DS18B20 写一个字节
  19          void ds18b20_write_byte(unsigned char dat) 
  20          {
  21   1          unsigned char i;
  22   1          for (i = 0; i < 8; i++) 
  23   1          {
  24   2              DQ = 0;
  25   2              _nop_();        // 短延时
  26   2              DQ = dat & 0x01;
  27   2              Delay_OneWire(10);
  28   2              DQ = 1;
  29   2              dat >>= 1;
  30   2          }
  31   1          Delay_OneWire(5);
  32   1      }
  33          
  34          // DS18B20 读一个字节
  35          unsigned char ds18b20_read_byte() 
  36          {
  37   1          unsigned char i, dat = 0;
  38   1          for (i = 0; i < 8; i++) 
  39   1          {
  40   2              DQ = 0;
  41   2              _nop_();    // 短延时
  42   2              DQ = 1;     // 释放总线
  43   2              _nop_();    // 短延时
  44   2              if (DQ)     // 读取数据位
  45   2                  dat |= (0x01 << i);
  46   2              Delay_OneWire(10);
  47   2          }
  48   1          return dat;
  49   1      }
  50          
  51          // DS18B20 读取温度
  52          int ds18b20_read_temperature() 
  53          {
  54   1          int temp;
C51 COMPILER V9.60.7.0   DS18B20                                                           12/16/2024 15:34:12 PAGE 2   

  55   1          unsigned char LSB, MSB;
  56   1          
  57   1          if (ds18b20_init())    // 初始化失败
  58   1              return -999;
  59   1              
  60   1          ds18b20_write_byte(0xCC);    // Skip ROM
  61   1          ds18b20_write_byte(0x44);    // Convert T
  62   1          
  63   1          delay_ms(750);               // 等待转换完成
  64   1          
  65   1          if (ds18b20_init())    // 初始化失败
  66   1              return -999;
  67   1              
  68   1          ds18b20_write_byte(0xCC);    // Skip ROM
  69   1          ds18b20_write_byte(0xBE);    // Read Scratchpad
  70   1          
  71   1          LSB = ds18b20_read_byte();   // 温度低字节
  72   1          MSB = ds18b20_read_byte();   // 温度高字节
  73   1          
  74   1          temp = MSB;
  75   1          temp <<= 8;
  76   1          temp |= LSB;
  77   1          
  78   1          // 温度值转换
  79   1          if (temp & 0xF800)     // 负温度
  80   1          {
  81   2              temp = (~temp) + 1;    // 补码转换
  82   2              temp = -temp;
  83   2          }
  84   1          temp = temp * 6.25;    // 转换为实际温度值的100倍
  85   1          
  86   1          return temp;
  87   1      }


MODULE INFORMATION:   STATIC OVERLAYABLE
   CODE SIZE        =    233    ----
   CONSTANT SIZE    =   ----    ----
   XDATA SIZE       =   ----    ----
   PDATA SIZE       =   ----    ----
   DATA SIZE        =   ----       5
   IDATA SIZE       =   ----    ----
   BIT SIZE         =   ----       1
END OF MODULE INFORMATION.


C51 COMPILATION COMPLETE.  0 WARNING(S),  0 ERROR(S)
